<?xml version="1.0" encoding="UTF-8"?>
<!-- Generated by org.testng.reporters.JUnitXMLReporter -->
<testsuite ignored="1" hostname="DESKTOP-DM7HA6N" failures="1" tests="3" name="Test" time="30.683" errors="0" timestamp="2023-07-21T10:45:46 IST">
  <testcase classname="tests.LoginTest" name="verifyLoginTest" time="3.465"/>
  <testcase classname="tests.HomePageTest" name="verifyAddCustomer" time="16.251">
    <failure type="java.lang.AssertionError" message="Search text did not display !!! expected [true] but found [false]">
      <![CDATA[java.lang.AssertionError: Search text did not display !!! expected [true] but found [false]
at tests.HomePageTest.verifyAddCustomer(HomePageTest.java:58)
at java.base/java.util.concurrent.ThreadPoolExecutor.runWorker(ThreadPoolExecutor.java:1136)
at java.base/java.util.concurrent.ThreadPoolExecutor$Worker.run(ThreadPoolExecutor.java:635)
at java.base/java.lang.Thread.run(Thread.java:833)
... Removed 15 stack frames]]>
    </failure>
  </testcase> <!-- verifyAddCustomer -->
  <testcase classname="tests.HomePageTest" name="verifyHomePageTest" time="3.955"/>
  <testcase classname="tests.BaseTest" name="@BeforeSuite beforeSuite" time="0.0">
    <ignored/>
  </testcase> <!-- @BeforeSuite beforeSuite -->
</testsuite> <!-- Test -->
