<?xml version="1.0" encoding="UTF-8"?>
<testng-results ignored="0" total="3" passed="2" failed="1" skipped="0">
  <reporter-output>
  </reporter-output>
  <suite started-at="2023-07-21T10:53:35 IST" name="Suite" finished-at="2023-07-21T10:54:09 IST" duration-ms="33740">
    <groups>
    </groups>
    <test started-at="2023-07-21T10:53:35 IST" name="Test" finished-at="2023-07-21T10:54:09 IST" duration-ms="33740">
      <class name="tests.LoginTest">
        <test-method is-config="true" signature="beforeSuite()[pri:0, instance:tests.LoginTest@2a798d51]" started-at="2023-07-21T10:53:35 IST" name="beforeSuite" finished-at="2023-07-21T10:53:35 IST" duration-ms="18" status="PASS">
          <reporter-output>
          </reporter-output>
        </test-method> <!-- beforeSuite -->
        <test-method is-config="true" signature="tearUp()[pri:0, instance:tests.LoginTest@2a798d51]" started-at="2023-07-21T10:53:36 IST" name="tearUp" finished-at="2023-07-21T10:53:47 IST" duration-ms="11674" status="PASS">
          <reporter-output>
          </reporter-output>
        </test-method> <!-- tearUp -->
        <test-method signature="verifyLoginTest()[pri:0, instance:tests.LoginTest@2a798d51]" started-at="2023-07-21T10:53:47 IST" name="verifyLoginTest" description="Verifying login test" finished-at="2023-07-21T10:53:51 IST" duration-ms="3757" status="PASS">
          <reporter-output>
          </reporter-output>
        </test-method> <!-- verifyLoginTest -->
        <test-method is-config="true" signature="tearDown()[pri:0, instance:tests.LoginTest@2a798d51]" started-at="2023-07-21T10:53:52 IST" name="tearDown" finished-at="2023-07-21T10:53:53 IST" duration-ms="763" status="PASS">
          <reporter-output>
          </reporter-output>
        </test-method> <!-- tearDown -->
      </class> <!-- tests.LoginTest -->
      <class name="tests.HomePageTest">
        <test-method is-config="true" signature="tearUp()[pri:0, instance:tests.HomePageTest@222545dc]" started-at="2023-07-21T10:53:36 IST" name="tearUp" finished-at="2023-07-21T10:53:48 IST" duration-ms="11961" status="PASS">
          <reporter-output>
          </reporter-output>
        </test-method> <!-- tearUp -->
        <test-method signature="verifyAddCustomer()[pri:0, instance:tests.HomePageTest@222545dc]" started-at="2023-07-21T10:53:48 IST" name="verifyAddCustomer" description="Verifying add customer functionality" finished-at="2023-07-21T10:54:04 IST" duration-ms="16810" status="FAIL">
          <exception class="java.lang.AssertionError">
            <message>
              <![CDATA[Search text did not display !!! expected [true] but found [false]]]>
            </message>
            <full-stacktrace>
              <![CDATA[java.lang.AssertionError: Search text did not display !!! expected [true] but found [false]
at org.testng.Assert.fail(Assert.java:111)
at org.testng.Assert.failNotEquals(Assert.java:1578)
at org.testng.Assert.assertTrue(Assert.java:57)
at tests.HomePageTest.verifyAddCustomer(HomePageTest.java:58)
at java.base/jdk.internal.reflect.DirectMethodHandleAccessor.invoke(DirectMethodHandleAccessor.java:104)
at java.base/java.lang.reflect.Method.invoke(Method.java:578)
at org.testng.internal.invokers.MethodInvocationHelper.invokeMethod(MethodInvocationHelper.java:139)
at org.testng.internal.invokers.TestInvoker.invokeMethod(TestInvoker.java:664)
at org.testng.internal.invokers.TestInvoker.invokeTestMethod(TestInvoker.java:227)
at org.testng.internal.invokers.MethodRunner.runInSequence(MethodRunner.java:50)
at org.testng.internal.invokers.TestInvoker$MethodInvocationAgent.invoke(TestInvoker.java:957)
at org.testng.internal.invokers.TestInvoker.invokeTestMethods(TestInvoker.java:200)
at org.testng.internal.invokers.TestMethodWorker.invokeTestMethods(TestMethodWorker.java:148)
at org.testng.internal.invokers.TestMethodWorker.run(TestMethodWorker.java:128)
at java.base/java.util.concurrent.ThreadPoolExecutor.runWorker(ThreadPoolExecutor.java:1144)
at java.base/java.util.concurrent.ThreadPoolExecutor$Worker.run(ThreadPoolExecutor.java:642)
at java.base/java.lang.Thread.run(Thread.java:1623)
]]>
            </full-stacktrace>
          </exception> <!-- java.lang.AssertionError -->
          <reporter-output>
          </reporter-output>
        </test-method> <!-- verifyAddCustomer -->
        <test-method is-config="true" signature="tearUp()[pri:0, instance:tests.HomePageTest@222545dc]" started-at="2023-07-21T10:53:53 IST" name="tearUp" finished-at="2023-07-21T10:54:02 IST" duration-ms="9687" status="PASS">
          <reporter-output>
          </reporter-output>
        </test-method> <!-- tearUp -->
        <test-method signature="verifyHomePageTest(java.lang.String,java.lang.String)[pri:0, instance:tests.HomePageTest@222545dc]" started-at="2023-07-21T10:54:02 IST" name="verifyHomePageTest" description="Verifying home page test" data-provider="getData" finished-at="2023-07-21T10:54:07 IST" duration-ms="4915" status="PASS">
          <params>
            <param index="0">
              <value>
                <![CDATA[Admin]]>
              </value>
            </param>
            <param index="1">
              <value>
                <![CDATA[admin123]]>
              </value>
            </param>
          </params>
          <reporter-output>
          </reporter-output>
        </test-method> <!-- verifyHomePageTest -->
        <test-method is-config="true" signature="tearDown()[pri:0, instance:tests.HomePageTest@222545dc]" started-at="2023-07-21T10:54:05 IST" name="tearDown" finished-at="2023-07-21T10:54:06 IST" duration-ms="1165" status="PASS">
          <reporter-output>
          </reporter-output>
        </test-method> <!-- tearDown -->
        <test-method is-config="true" signature="tearDown()[pri:0, instance:tests.HomePageTest@222545dc]" started-at="2023-07-21T10:54:09 IST" name="tearDown" finished-at="2023-07-21T10:54:09 IST" duration-ms="362" status="PASS">
          <reporter-output>
          </reporter-output>
        </test-method> <!-- tearDown -->
      </class> <!-- tests.HomePageTest -->
    </test> <!-- Test -->
  </suite> <!-- Suite -->
</testng-results>
