<?xml version="1.0" encoding="UTF-8"?>
<testng-results ignored="1" total="4" passed="2" failed="1" skipped="0">
  <reporter-output>
  </reporter-output>
  <suite started-at="2023-07-21T10:45:16 IST" name="Suite" finished-at="2023-07-21T10:45:46 IST" duration-ms="30683">
    <groups>
    </groups>
    <test started-at="2023-07-21T10:45:16 IST" name="Test" finished-at="2023-07-21T10:45:46 IST" duration-ms="30683">
      <class name="tests.LoginTest">
        <test-method is-config="true" signature="beforeSuite()[pri:0, instance:tests.LoginTest@67f639d3]" started-at="2023-07-21T10:45:16 IST" name="beforeSuite" finished-at="2023-07-21T10:45:16 IST" duration-ms="8" status="PASS">
          <reporter-output>
          </reporter-output>
        </test-method> <!-- beforeSuite -->
        <test-method is-config="true" signature="tearUp()[pri:0, instance:tests.LoginTest@67f639d3]" started-at="2023-07-21T10:45:16 IST" name="tearUp" finished-at="2023-07-21T10:45:28 IST" duration-ms="11555" status="PASS">
          <reporter-output>
          </reporter-output>
        </test-method> <!-- tearUp -->
        <test-method signature="verifyLoginTest()[pri:0, instance:tests.LoginTest@67f639d3]" started-at="2023-07-21T10:45:28 IST" name="verifyLoginTest" description="Verifying login test" finished-at="2023-07-21T10:45:31 IST" duration-ms="3465" status="PASS">
          <reporter-output>
          </reporter-output>
        </test-method> <!-- verifyLoginTest -->
        <test-method is-config="true" signature="tearDown()[pri:0, instance:tests.LoginTest@67f639d3]" started-at="2023-07-21T10:45:32 IST" name="tearDown" finished-at="2023-07-21T10:45:32 IST" duration-ms="634" status="PASS">
          <reporter-output>
          </reporter-output>
        </test-method> <!-- tearDown -->
      </class> <!-- tests.LoginTest -->
      <class name="tests.HomePageTest">
        <test-method is-config="true" signature="tearUp()[pri:0, instance:tests.HomePageTest@201a4587]" started-at="2023-07-21T10:45:16 IST" name="tearUp" finished-at="2023-07-21T10:45:28 IST" duration-ms="11756" status="PASS">
          <reporter-output>
          </reporter-output>
        </test-method> <!-- tearUp -->
        <test-method signature="verifyAddCustomer()[pri:0, instance:tests.HomePageTest@201a4587]" started-at="2023-07-21T10:45:28 IST" name="verifyAddCustomer" description="Verifying add customer functionality" finished-at="2023-07-21T10:45:44 IST" duration-ms="16251" status="FAIL">
          <exception class="java.lang.AssertionError">
            <message>
              <![CDATA[Search text did not display !!! expected [true] but found [false]]]>
            </message>
            <full-stacktrace>
              <![CDATA[java.lang.AssertionError: Search text did not display !!! expected [true] but found [false]
at org.testng.Assert.fail(Assert.java:99)
at org.testng.Assert.failNotEquals(Assert.java:1037)
at org.testng.Assert.assertTrue(Assert.java:45)
at tests.HomePageTest.verifyAddCustomer(HomePageTest.java:58)
at java.base/jdk.internal.reflect.NativeMethodAccessorImpl.invoke0(Native Method)
at java.base/jdk.internal.reflect.NativeMethodAccessorImpl.invoke(NativeMethodAccessorImpl.java:77)
at java.base/jdk.internal.reflect.DelegatingMethodAccessorImpl.invoke(DelegatingMethodAccessorImpl.java:43)
at java.base/java.lang.reflect.Method.invoke(Method.java:568)
at org.testng.internal.MethodInvocationHelper.invokeMethod(MethodInvocationHelper.java:133)
at org.testng.internal.TestInvoker.invokeMethod(TestInvoker.java:598)
at org.testng.internal.TestInvoker.invokeTestMethod(TestInvoker.java:173)
at org.testng.internal.MethodRunner.runInSequence(MethodRunner.java:46)
at org.testng.internal.TestInvoker$MethodInvocationAgent.invoke(TestInvoker.java:824)
at org.testng.internal.TestInvoker.invokeTestMethods(TestInvoker.java:146)
at org.testng.internal.TestMethodWorker.invokeTestMethods(TestMethodWorker.java:146)
at org.testng.internal.TestMethodWorker.run(TestMethodWorker.java:128)
at java.base/java.util.concurrent.ThreadPoolExecutor.runWorker(ThreadPoolExecutor.java:1136)
at java.base/java.util.concurrent.ThreadPoolExecutor$Worker.run(ThreadPoolExecutor.java:635)
at java.base/java.lang.Thread.run(Thread.java:833)
]]>
            </full-stacktrace>
          </exception> <!-- java.lang.AssertionError -->
          <reporter-output>
          </reporter-output>
        </test-method> <!-- verifyAddCustomer -->
        <test-method is-config="true" signature="tearUp()[pri:0, instance:tests.HomePageTest@201a4587]" started-at="2023-07-21T10:45:32 IST" name="tearUp" finished-at="2023-07-21T10:45:42 IST" duration-ms="9289" status="PASS">
          <reporter-output>
          </reporter-output>
        </test-method> <!-- tearUp -->
        <test-method signature="verifyHomePageTest(java.lang.String,java.lang.String)[pri:0, instance:tests.HomePageTest@201a4587]" started-at="2023-07-21T10:45:42 IST" name="verifyHomePageTest" description="Verifying home page test" data-provider="getData" finished-at="2023-07-21T10:45:46 IST" duration-ms="3955" status="PASS">
          <params>
            <param index="0">
              <value>
                <![CDATA[Admin]]>
              </value>
            </param>
            <param index="1">
              <value>
                <![CDATA[admin123]]>
              </value>
            </param>
          </params>
          <reporter-output>
          </reporter-output>
        </test-method> <!-- verifyHomePageTest -->
        <test-method is-config="true" signature="tearDown()[pri:0, instance:tests.HomePageTest@201a4587]" started-at="2023-07-21T10:45:45 IST" name="tearDown" finished-at="2023-07-21T10:45:46 IST" duration-ms="1239" status="PASS">
          <reporter-output>
          </reporter-output>
        </test-method> <!-- tearDown -->
        <test-method is-config="true" signature="tearDown()[pri:0, instance:tests.HomePageTest@201a4587]" started-at="2023-07-21T10:45:46 IST" name="tearDown" finished-at="2023-07-21T10:45:46 IST" duration-ms="373" status="PASS">
          <reporter-output>
          </reporter-output>
        </test-method> <!-- tearDown -->
      </class> <!-- tests.HomePageTest -->
    </test> <!-- Test -->
  </suite> <!-- Suite -->
</testng-results>
